{"name": " -- @1.4 ", "status": "broken", "statusDetails": {"message": "selenium.common.exceptions.ElementClickInterceptedException: Message: element click intercepted: Element <div role=\"\" class=\"ClickableElement_clickable__3o0IV Typeahead_searchIcon__1Jquh\" aria-label=\"Search\">...</div> is not clickable at point (718, 395). Other element would receive the click: <div role=\"\" class=\"ClickableElement_clickable__3o0IV Backdrop_backdrop__3biE3\"></div>\n  (Session info: chrome=107.0.5304.88)\nStacktrace:\nBacktrace:\n\tOrdinal0 [0x00FFACD3+2075859]\n\tOrdinal0 [0x00F8EE61+1633889]\n\tOrdinal0 [0x00E8B7BD+571325]\n\tOrdinal0 [0x00EC1499+791705]\n\tOrdinal0 [0x00EBF4AC+783532]\n\tOrdinal0 [0x00EBD0AB+774315]\n\tOrdinal0 [0x00EBBD37+769335]\n\tOrdinal0 [0x00EB1C76+728182]\n\tOrdinal0 [0x00ED731C+881436]\n\tOrdinal0 [0x00EB15BF+726463]\n\tOrdinal0 [0x00ED7534+881972]\n\tOrdinal0 [0x00EEB56A+963946]\n\tOrdinal0 [0x00ED7136+880950]\n\tOrdinal0 [0x00EAFEFD+720637]\n\tOrdinal0 [0x00EB0F3F+724799]\n\tGetHandleVerifier [0x012AEED2+2769538]\n\tGetHandleVerifier [0x012A0D95+2711877]\n\tGetHandleVerifier [0x0108A03A+521194]\n\tGetHandleVerifier [0x01088DA0+516432]\n\tOrdinal0 [0x00F9682C+1665068]\n\tOrdinal0 [0x00F9B128+1683752]\n\tOrdinal0 [0x00F9B215+1683989]\n\tOrdinal0 [0x00FA6484+1729668]\n\tBaseThreadInitThunk [0x7675FA29+25]\n\tRtlGetAppContainerNamedObjectPath [0x776B7BBE+286]\n\tRtlGetAppContainerNamedObjectPath [0x776B7B8E+238]\n\n", "trace": "  File \"C:\\Users\\Adithya M M\\AppData\\Local\\Programs\\Python\\Python310\\lib\\site-packages\\behave\\model.py\", line 1329, in run\n    match.run(runner.context)\n  File \"C:\\Users\\Adithya M M\\AppData\\Local\\Programs\\Python\\Python310\\lib\\site-packages\\behave\\matchers.py\", line 98, in run\n    self.func(context, *args, **kwargs)\n  File \"features\\steps\\pharmeasy_test.py\", line 48, in click_on_search\n    context.driver.find_element(\"xpath\", '(//div[@aria-label=\"Search\"])[2]').click()\n  File \"C:\\Users\\Adithya M M\\AppData\\Local\\Programs\\Python\\Python310\\lib\\site-packages\\selenium\\webdriver\\remote\\webelement.py\", line 88, in click\n    self._execute(Command.CLICK_ELEMENT)\n  File \"C:\\Users\\Adithya M M\\AppData\\Local\\Programs\\Python\\Python310\\lib\\site-packages\\selenium\\webdriver\\remote\\webelement.py\", line 396, in _execute\n    return self._parent.execute(command, params)\n  File \"C:\\Users\\Adithya M M\\AppData\\Local\\Programs\\Python\\Python310\\lib\\site-packages\\selenium\\webdriver\\remote\\webdriver.py\", line 429, in execute\n    self.error_handler.check_response(response)\n  File \"C:\\Users\\Adithya M M\\AppData\\Local\\Programs\\Python\\Python310\\lib\\site-packages\\selenium\\webdriver\\remote\\errorhandler.py\", line 243, in check_response\n    raise exception_class(message, screen, stacktrace)\n"}, "steps": [{"name": "Given User should be able to launch the browser", "status": "passed", "start": 1667455214959, "stop": 1667455228126}, {"name": "Then User should be able to enter homepage of pharmeasy application", "status": "passed", "start": 1667455228127, "stop": 1667455236196}, {"name": "When User should be able to click on medicine module", "status": "passed", "start": 1667455236196, "stop": 1667455246304}, {"name": "And User should be able to click on pincode", "status": "passed", "start": 1667455246304, "stop": 1667455246496}, {"name": "Then User should be able to enter \"577\"", "status": "passed", "start": 1667455246497, "stop": 1667455246852}, {"name": "And User should be able to click on submit", "status": "passed", "start": 1667455246853, "stop": 1667455251975}, {"name": "Then User should be able to search for \"dolo\"", "status": "passed", "start": 1667455251976, "stop": 1667455252223}, {"name": "And User is able to click on search button", "status": "broken", "statusDetails": {"message": "selenium.common.exceptions.ElementClickInterceptedException: Message: element click intercepted: Element <div role=\"\" class=\"ClickableElement_clickable__3o0IV Typeahead_searchIcon__1Jquh\" aria-label=\"Search\">...</div> is not clickable at point (718, 395). Other element would receive the click: <div role=\"\" class=\"ClickableElement_clickable__3o0IV Backdrop_backdrop__3biE3\"></div>\n  (Session info: chrome=107.0.5304.88)\nStacktrace:\nBacktrace:\n\tOrdinal0 [0x00FFACD3+2075859]\n\tOrdinal0 [0x00F8EE61+1633889]\n\tOrdinal0 [0x00E8B7BD+571325]\n\tOrdinal0 [0x00EC1499+791705]\n\tOrdinal0 [0x00EBF4AC+783532]\n\tOrdinal0 [0x00EBD0AB+774315]\n\tOrdinal0 [0x00EBBD37+769335]\n\tOrdinal0 [0x00EB1C76+728182]\n\tOrdinal0 [0x00ED731C+881436]\n\tOrdinal0 [0x00EB15BF+726463]\n\tOrdinal0 [0x00ED7534+881972]\n\tOrdinal0 [0x00EEB56A+963946]\n\tOrdinal0 [0x00ED7136+880950]\n\tOrdinal0 [0x00EAFEFD+720637]\n\tOrdinal0 [0x00EB0F3F+724799]\n\tGetHandleVerifier [0x012AEED2+2769538]\n\tGetHandleVerifier [0x012A0D95+2711877]\n\tGetHandleVerifier [0x0108A03A+521194]\n\tGetHandleVerifier [0x01088DA0+516432]\n\tOrdinal0 [0x00F9682C+1665068]\n\tOrdinal0 [0x00F9B128+1683752]\n\tOrdinal0 [0x00F9B215+1683989]\n\tOrdinal0 [0x00FA6484+1729668]\n\tBaseThreadInitThunk [0x7675FA29+25]\n\tRtlGetAppContainerNamedObjectPath [0x776B7BBE+286]\n\tRtlGetAppContainerNamedObjectPath [0x776B7B8E+238]\n\n", "trace": "  File \"C:\\Users\\Adithya M M\\AppData\\Local\\Programs\\Python\\Python310\\lib\\site-packages\\behave\\model.py\", line 1329, in run\n    match.run(runner.context)\n  File \"C:\\Users\\Adithya M M\\AppData\\Local\\Programs\\Python\\Python310\\lib\\site-packages\\behave\\matchers.py\", line 98, in run\n    self.func(context, *args, **kwargs)\n  File \"features\\steps\\pharmeasy_test.py\", line 48, in click_on_search\n    context.driver.find_element(\"xpath\", '(//div[@aria-label=\"Search\"])[2]').click()\n  File \"C:\\Users\\Adithya M M\\AppData\\Local\\Programs\\Python\\Python310\\lib\\site-packages\\selenium\\webdriver\\remote\\webelement.py\", line 88, in click\n    self._execute(Command.CLICK_ELEMENT)\n  File \"C:\\Users\\Adithya M M\\AppData\\Local\\Programs\\Python\\Python310\\lib\\site-packages\\selenium\\webdriver\\remote\\webelement.py\", line 396, in _execute\n    return self._parent.execute(command, params)\n  File \"C:\\Users\\Adithya M M\\AppData\\Local\\Programs\\Python\\Python310\\lib\\site-packages\\selenium\\webdriver\\remote\\webdriver.py\", line 429, in execute\n    self.error_handler.check_response(response)\n  File \"C:\\Users\\Adithya M M\\AppData\\Local\\Programs\\Python\\Python310\\lib\\site-packages\\selenium\\webdriver\\remote\\errorhandler.py\", line 243, in check_response\n    raise exception_class(message, screen, stacktrace)\n"}, "start": 1667455252223, "stop": 1667455265436}, {"name": "And User should be able to select the product", "status": "skipped", "start": 1667455265443, "stop": 1667455265443}, {"name": "Then User should be able to select quantity", "status": "skipped", "start": 1667455265443, "stop": 1667455265443}, {"name": "And User is able to click on view cart", "status": "skipped", "start": 1667455265443, "stop": 1667455265443}, {"name": "And User is able to add delivery address", "status": "skipped", "start": 1667455265443, "stop": 1667455265443}, {"name": "Then User is able to login with \"9008240114\"", "status": "skipped", "start": 1667455265443, "stop": 1667455265444}, {"name": "And User is able to click on send otp", "status": "skipped", "start": 1667455265444, "stop": 1667455265444}, {"name": "And User should be able to click on continue", "status": "skipped", "start": 1667455265444, "stop": 1667455265444}, {"name": "And User should be able to click on save", "status": "skipped", "start": 1667455265444, "stop": 1667455265444}], "parameters": [{"name": "pincode", "value": "577"}, {"name": "medicine", "value": "dolo"}, {"name": "mobile_number", "value": "9008240114"}], "start": 1667455214921, "stop": 1667455265444, "uuid": "52ecba1d-81e7-4965-94a8-6861ee9d1b47", "historyId": "9c01a6e2848b5d2e54e90867cbe97fb0", "fullName": "Medicine_module: ", "labels": [{"name": "severity", "value": "normal"}, {"name": "feature", "value": "Medicine_module"}, {"name": "framework", "value": "behave"}, {"name": "language", "value": "cpython3"}]}